# Logfile created on 2014-09-30 12:22:21 -0300 by logger.rb/41954
I, [2014-09-30T12:22:21.226573 #46793]  INFO -- : 0:  i18n (0.6.11) from /Users/bg/.rvm/gems/ruby-2.0.0-p353@fractals/specifications/i18n-0.6.11.gemspec
I, [2014-09-30T12:22:23.957366 #46793]  INFO -- : 0:  json (1.8.1) from /Users/bg/.rvm/gems/ruby-2.0.0-p353@fractals/specifications/json-1.8.1.gemspec
I, [2014-09-30T12:22:26.487655 #46793]  INFO -- : 0:  minitest (5.4.2) from /Users/bg/.rvm/gems/ruby-2.0.0-p353@fractals/specifications/minitest-5.4.2.gemspec
I, [2014-09-30T12:22:27.832446 #46793]  INFO -- : 0:  thread_safe (0.3.4) from /Users/bg/.rvm/gems/ruby-2.0.0-p353@fractals/specifications/thread_safe-0.3.4.gemspec
I, [2014-09-30T12:22:30.219257 #46793]  INFO -- : 0:  tzinfo (1.2.2) from /Users/bg/.rvm/gems/ruby-2.0.0-p353@fractals/specifications/tzinfo-1.2.2.gemspec
I, [2014-09-30T12:22:32.456205 #46793]  INFO -- : 0:  activesupport (4.1.6) from /Users/bg/.rvm/gems/ruby-2.0.0-p353@fractals/specifications/activesupport-4.1.6.gemspec
I, [2014-09-30T12:22:33.945645 #46793]  INFO -- : 0:  builder (3.2.2) from /Users/bg/.rvm/gems/ruby-2.0.0-p353@fractals/specifications/builder-3.2.2.gemspec
I, [2014-09-30T12:22:34.990944 #46793]  INFO -- : 0:  activemodel (4.1.6) from /Users/bg/.rvm/gems/ruby-2.0.0-p353@fractals/specifications/activemodel-4.1.6.gemspec
I, [2014-09-30T12:22:35.956900 #46793]  INFO -- : 0:  arel (5.0.1.20140414130214) from /Users/bg/.rvm/gems/ruby-2.0.0-p353@fractals/specifications/arel-5.0.1.20140414130214.gemspec
I, [2014-09-30T12:22:39.184262 #46793]  INFO -- : 0:  activerecord (4.1.6) from /Users/bg/.rvm/gems/ruby-2.0.0-p353@fractals/specifications/activerecord-4.1.6.gemspec
I, [2014-09-30T12:22:41.360314 #46793]  INFO -- : 0:  diff-lcs (1.2.5) from /Users/bg/.rvm/gems/ruby-2.0.0-p353@fractals/specifications/diff-lcs-1.2.5.gemspec
I, [2014-09-30T12:22:43.336373 #46793]  INFO -- : 0:  multi_json (1.10.1) from /Users/bg/.rvm/gems/ruby-2.0.0-p353@fractals/specifications/multi_json-1.10.1.gemspec
I, [2014-09-30T12:23:10.770734 #46793]  INFO -- : 0:  gherkin (2.12.2) from /Users/bg/.rvm/gems/ruby-2.0.0-p353@fractals/specifications/gherkin-2.12.2.gemspec
I, [2014-09-30T12:23:11.773493 #46793]  INFO -- : 0:  multi_test (0.1.1) from /Users/bg/.rvm/gems/ruby-2.0.0-p353@fractals/specifications/multi_test-0.1.1.gemspec
I, [2014-09-30T12:23:15.015275 #46793]  INFO -- : 0:  cucumber (1.3.17) from /Users/bg/.rvm/gems/ruby-2.0.0-p353@fractals/specifications/cucumber-1.3.17.gemspec
I, [2014-09-30T12:23:17.666456 #46793]  INFO -- : 0:  logutils (0.6.0) from /Users/bg/.rvm/gems/ruby-2.0.0-p353@fractals/specifications/logutils-0.6.0.gemspec
I, [2014-09-30T12:23:18.546705 #46793]  INFO -- : 0:  fetcher (0.4.3) from /Users/bg/.rvm/gems/ruby-2.0.0-p353@fractals/specifications/fetcher-0.4.3.gemspec
I, [2014-09-30T12:23:20.475949 #46793]  INFO -- : 0:  gli (2.12.2) from /Users/bg/.rvm/gems/ruby-2.0.0-p353@fractals/specifications/gli-2.12.2.gemspec
I, [2014-09-30T12:23:22.860161 #46793]  INFO -- : 0:  kramdown (1.4.2) from /Users/bg/.rvm/gems/ruby-2.0.0-p353@fractals/specifications/kramdown-1.4.2.gemspec
I, [2014-09-30T12:23:23.802064 #46793]  INFO -- : 0:  props (1.1.1) from /Users/bg/.rvm/gems/ruby-2.0.0-p353@fractals/specifications/props-1.1.1.gemspec
I, [2014-09-30T12:23:25.240820 #46793]  INFO -- : 0:  textutils (0.9.4) from /Users/bg/.rvm/gems/ruby-2.0.0-p353@fractals/specifications/textutils-0.9.4.gemspec
I, [2014-09-30T12:23:26.295835 #46793]  INFO -- : 0:  markdown (1.1.1) from /Users/bg/.rvm/gems/ruby-2.0.0-p353@fractals/specifications/markdown-1.1.1.gemspec
I, [2014-09-30T12:23:27.230807 #46793]  INFO -- : 0:  pakman (0.5.0) from /Users/bg/.rvm/gems/ruby-2.0.0-p353@fractals/specifications/pakman-0.5.0.gemspec
I, [2014-09-30T12:23:28.322359 #46793]  INFO -- : 0:  rspec-support (3.1.1) from /Users/bg/.rvm/gems/ruby-2.0.0-p353@fractals/specifications/rspec-support-3.1.1.gemspec
I, [2014-09-30T12:23:30.959526 #46793]  INFO -- : 0:  rspec-core (3.1.5) from /Users/bg/.rvm/gems/ruby-2.0.0-p353@fractals/specifications/rspec-core-3.1.5.gemspec
I, [2014-09-30T12:23:32.622086 #46793]  INFO -- : 0:  rspec-expectations (3.1.2) from /Users/bg/.rvm/gems/ruby-2.0.0-p353@fractals/specifications/rspec-expectations-3.1.2.gemspec
I, [2014-09-30T12:23:33.575354 #46793]  INFO -- : 0:  rspec-mocks (3.1.2) from /Users/bg/.rvm/gems/ruby-2.0.0-p353@fractals/specifications/rspec-mocks-3.1.2.gemspec
I, [2014-09-30T12:23:34.396850 #46793]  INFO -- : 0:  rspec (3.1.0) from /Users/bg/.rvm/gems/ruby-2.0.0-p353@fractals/specifications/rspec-3.1.0.gemspec
I, [2014-09-30T12:23:35.470336 #46793]  INFO -- : 0:  slideshow (2.3.0) from /Users/bg/.rvm/gems/ruby-2.0.0-p353@fractals/specifications/slideshow-2.3.0.gemspec
I, [2014-09-30T12:23:35.470887 #46793]  INFO -- : 0:  bundler (1.5.1) from /Users/bg/.rvm/gems/ruby-2.0.0-p353@global/specifications/bundler-1.5.1.gemspec
I, [2014-10-30T10:35:05.356884 #42118]  INFO -- : 0:  i18n (0.6.11) from /Users/bg/.rvm/gems/ruby-2.0.0-p353@fractals/specifications/i18n-0.6.11.gemspec
I, [2014-10-30T10:35:05.359179 #42118]  INFO -- : 0:  json (1.8.1) from /Users/bg/.rvm/gems/ruby-2.0.0-p353@fractals/specifications/json-1.8.1.gemspec
I, [2014-10-30T10:35:05.359498 #42118]  INFO -- : 0:  minitest (5.4.2) from /Users/bg/.rvm/gems/ruby-2.0.0-p353@fractals/specifications/minitest-5.4.2.gemspec
I, [2014-10-30T10:35:05.359788 #42118]  INFO -- : 0:  thread_safe (0.3.4) from /Users/bg/.rvm/gems/ruby-2.0.0-p353@fractals/specifications/thread_safe-0.3.4.gemspec
I, [2014-10-30T10:35:05.360064 #42118]  INFO -- : 0:  tzinfo (1.2.2) from /Users/bg/.rvm/gems/ruby-2.0.0-p353@fractals/specifications/tzinfo-1.2.2.gemspec
I, [2014-10-30T10:35:05.360351 #42118]  INFO -- : 0:  activesupport (4.1.6) from /Users/bg/.rvm/gems/ruby-2.0.0-p353@fractals/specifications/activesupport-4.1.6.gemspec
I, [2014-10-30T10:35:05.360630 #42118]  INFO -- : 0:  builder (3.2.2) from /Users/bg/.rvm/gems/ruby-2.0.0-p353@fractals/specifications/builder-3.2.2.gemspec
I, [2014-10-30T10:35:05.360908 #42118]  INFO -- : 0:  activemodel (4.1.6) from /Users/bg/.rvm/gems/ruby-2.0.0-p353@fractals/specifications/activemodel-4.1.6.gemspec
I, [2014-10-30T10:35:05.361196 #42118]  INFO -- : 0:  arel (5.0.1.20140414130214) from /Users/bg/.rvm/gems/ruby-2.0.0-p353@fractals/specifications/arel-5.0.1.20140414130214.gemspec
I, [2014-10-30T10:35:05.361469 #42118]  INFO -- : 0:  activerecord (4.1.6) from /Users/bg/.rvm/gems/ruby-2.0.0-p353@fractals/specifications/activerecord-4.1.6.gemspec
I, [2014-10-30T10:35:05.361743 #42118]  INFO -- : 0:  diff-lcs (1.2.5) from /Users/bg/.rvm/gems/ruby-2.0.0-p353@fractals/specifications/diff-lcs-1.2.5.gemspec
I, [2014-10-30T10:35:05.362018 #42118]  INFO -- : 0:  multi_json (1.10.1) from /Users/bg/.rvm/gems/ruby-2.0.0-p353@fractals/specifications/multi_json-1.10.1.gemspec
I, [2014-10-30T10:35:05.362315 #42118]  INFO -- : 0:  gherkin (2.12.2) from /Users/bg/.rvm/gems/ruby-2.0.0-p353@fractals/specifications/gherkin-2.12.2.gemspec
I, [2014-10-30T10:35:05.362591 #42118]  INFO -- : 0:  multi_test (0.1.1) from /Users/bg/.rvm/gems/ruby-2.0.0-p353@fractals/specifications/multi_test-0.1.1.gemspec
I, [2014-10-30T10:35:05.362868 #42118]  INFO -- : 0:  cucumber (1.3.17) from /Users/bg/.rvm/gems/ruby-2.0.0-p353@fractals/specifications/cucumber-1.3.17.gemspec
I, [2014-10-30T10:35:05.363155 #42118]  INFO -- : 0:  logutils (0.6.0) from /Users/bg/.rvm/gems/ruby-2.0.0-p353@fractals/specifications/logutils-0.6.0.gemspec
I, [2014-10-30T10:35:05.363425 #42118]  INFO -- : 0:  fetcher (0.4.3) from /Users/bg/.rvm/gems/ruby-2.0.0-p353@fractals/specifications/fetcher-0.4.3.gemspec
I, [2014-10-30T10:35:05.363699 #42118]  INFO -- : 0:  gli (2.12.2) from /Users/bg/.rvm/gems/ruby-2.0.0-p353@fractals/specifications/gli-2.12.2.gemspec
I, [2014-10-30T10:35:05.363973 #42118]  INFO -- : 0:  kramdown (1.4.2) from /Users/bg/.rvm/gems/ruby-2.0.0-p353@fractals/specifications/kramdown-1.4.2.gemspec
I, [2014-10-30T10:35:05.364240 #42118]  INFO -- : 0:  props (1.1.1) from /Users/bg/.rvm/gems/ruby-2.0.0-p353@fractals/specifications/props-1.1.1.gemspec
I, [2014-10-30T10:35:05.364510 #42118]  INFO -- : 0:  textutils (0.9.4) from /Users/bg/.rvm/gems/ruby-2.0.0-p353@fractals/specifications/textutils-0.9.4.gemspec
I, [2014-10-30T10:35:05.364798 #42118]  INFO -- : 0:  markdown (1.1.1) from /Users/bg/.rvm/gems/ruby-2.0.0-p353@fractals/specifications/markdown-1.1.1.gemspec
I, [2014-10-30T10:35:05.365064 #42118]  INFO -- : 0:  pakman (0.5.0) from /Users/bg/.rvm/gems/ruby-2.0.0-p353@fractals/specifications/pakman-0.5.0.gemspec
I, [2014-10-30T10:35:20.676080 #42118]  INFO -- : 0:  rmagick (2.13.3) from /Users/bg/.rvm/gems/ruby-2.0.0-p353@fractals/specifications/rmagick-2.13.3.gemspec
I, [2014-10-30T10:35:20.676917 #42118]  INFO -- : 0:  rspec-support (3.1.1) from /Users/bg/.rvm/gems/ruby-2.0.0-p353@fractals/specifications/rspec-support-3.1.1.gemspec
I, [2014-10-30T10:35:20.677411 #42118]  INFO -- : 0:  rspec-core (3.1.5) from /Users/bg/.rvm/gems/ruby-2.0.0-p353@fractals/specifications/rspec-core-3.1.5.gemspec
I, [2014-10-30T10:35:20.678008 #42118]  INFO -- : 0:  rspec-expectations (3.1.2) from /Users/bg/.rvm/gems/ruby-2.0.0-p353@fractals/specifications/rspec-expectations-3.1.2.gemspec
I, [2014-10-30T10:35:20.678543 #42118]  INFO -- : 0:  rspec-mocks (3.1.2) from /Users/bg/.rvm/gems/ruby-2.0.0-p353@fractals/specifications/rspec-mocks-3.1.2.gemspec
I, [2014-10-30T10:35:20.678955 #42118]  INFO -- : 0:  rspec (3.1.0) from /Users/bg/.rvm/gems/ruby-2.0.0-p353@fractals/specifications/rspec-3.1.0.gemspec
I, [2014-10-30T10:35:20.679383 #42118]  INFO -- : 0:  slideshow (2.3.0) from /Users/bg/.rvm/gems/ruby-2.0.0-p353@fractals/specifications/slideshow-2.3.0.gemspec
I, [2014-10-30T10:35:20.679776 #42118]  INFO -- : 0:  bundler (1.5.1) from /Users/bg/.rvm/gems/ruby-2.0.0-p353@global/specifications/bundler-1.5.1.gemspec
